#
# There is insufficient memory for the Java Runtime Environment to continue.
# Native memory allocation (malloc) failed to allocate 1048576 bytes for AllocateHeap
# Possible reasons:
#   The system is out of physical RAM or swap space
#   The process is running with CompressedOops enabled, and the Java Heap may be blocking the growth of the native heap
# Possible solutions:
#   Reduce memory load on the system
#   Increase physical memory or swap space
#   Check if swap backing store is full
#   Decrease Java heap size (-Xmx/-Xms)
#   Decrease number of Java threads
#   Decrease Java thread stack sizes (-Xss)
#   Set larger code cache with -XX:ReservedCodeCacheSize=
#   JVM is running with Unscaled Compressed Oops mode in which the Java heap is
#     placed in the first 4GB address space. The Java Heap base address is the
#     maximum limit for the native heap growth. Please use -XX:HeapBaseMinAddress
#     to set the Java Heap base and to place the Java Heap above 4GB virtual address.
# This output file may be truncated or incomplete.
#
#  Out of Memory Error (allocation.cpp:44), pid=10092, tid=23484
#
# JRE version:  (17.0.7) (build )
# Java VM: OpenJDK 64-Bit Server VM (17.0.7+0-b2043.56-10550314, mixed mode, sharing, tiered, compressed oops, compressed class ptrs, g1 gc, windows-amd64)
# No core dump will be written. Minidumps are not enabled by default on client versions of Windows
#

---------------  S U M M A R Y ------------

Command Line: net.bytebuddy.agent.Attacher com.sun.tools.attach.VirtualMachine 3232 C:\Users\mauricio.munoz\.gradle\caches\modules-2\files-2.1\net.bytebuddy\byte-buddy-agent\1.11.13\8c7aaa0ef9863fa89a711bfc5d8e2e0affa0d67f\byte-buddy-agent-1.11.13.jar false 

Host: Intel(R) Core(TM) i5-1035G1 CPU @ 1.00GHz, 8 cores, 15G,  Windows 11 , 64 bit Build 22621 (10.0.22621.3527)
Time: Fri Jun  7 14:53:46 2024 Hora est. Pacífico, Sudamérica elapsed time: 0.030728 seconds (0d 0h 0m 0s)

---------------  T H R E A D  ---------------

Current thread (0x0000026ec4a2d790):  JavaThread "Unknown thread" [_thread_in_vm, id=23484, stack(0x000000dd68600000,0x000000dd68700000)]

Stack: [0x000000dd68600000,0x000000dd68700000]
Native frames: (J=compiled Java code, j=interpreted, Vv=VM code, C=native code)
V  [jvm.dll+0x683bfa]
V  [jvm.dll+0x8430a4]
V  [jvm.dll+0x8449be]
V  [jvm.dll+0x845023]
V  [jvm.dll+0x24ad2f]
V  [jvm.dll+0xa69cf]
V  [jvm.dll+0x2dd084]
V  [jvm.dll+0x81435c]
V  [jvm.dll+0x36ffe1]
V  [jvm.dll+0x7f396c]
V  [jvm.dll+0x3f305f]
V  [jvm.dll+0x3f4b91]
C  [jli.dll+0x528f]
C  [ucrtbase.dll+0x29333]
C  [KERNEL32.DLL+0x1257d]
C  [ntdll.dll+0x5aa48]


---------------  P R O C E S S  ---------------

Threads class SMR info:
_java_thread_list=0x00007ff9c91bd098, length=0, elements={
}

Java Threads: ( => current thread )

Other Threads:

=>0x0000026ec4a2d790 (exited) JavaThread "Unknown thread" [_thread_in_vm, id=23484, stack(0x000000dd68600000,0x000000dd68700000)]

Threads with active compile tasks:

VM state: not at safepoint (not fully initialized)

VM Mutex/Monitor currently owned by a thread: None

Heap address: 0x0000000000000000, size: 0 MB, Compressed Oops mode: 32-bit

CDS archive(s) mapped at: [0x0000000000000000-0x0000000000000000-0x0000000000000000), size 0, SharedBaseAddress: 0x0000000800000000, ArchiveRelocationMode: 0.
Narrow klass base: 0x0000000000000000, Narrow klass shift: 0, Narrow klass range: 0x0

GC Precious Log:
<Empty>

GC Heap History (0 events):
No events

Dll operation events (1 events):
Event: 0.019 Loaded shared library C:\Program Files\Android\Android Studio1\jbr\bin\java.dll

Deoptimization events (0 events):
No events

Classes unloaded (0 events):
No events

Classes redefined (0 events):
No events

Internal exceptions (0 events):
No events

VM Operations (0 events):
No events

Events (0 events):
No events


Dynamic libraries:
0x00007ff690850000 - 0x00007ff69085a000 	C:\Program Files\Android\Android Studio1\jbr\bin\java.exe
0x00007ffa64fd0000 - 0x00007ffa651e7000 	C:\WINDOWS\SYSTEM32\ntdll.dll
0x00007ffa62d10000 - 0x00007ffa62dd4000 	C:\WINDOWS\System32\KERNEL32.DLL
0x00007ffa62800000 - 0x00007ffa62ba7000 	C:\WINDOWS\System32\KERNELBASE.dll
0x00007ffa622f0000 - 0x00007ffa62401000 	C:\WINDOWS\System32\ucrtbase.dll
0x00007ffa0c6e0000 - 0x00007ffa0c6f7000 	C:\Program Files\Android\Android Studio1\jbr\bin\jli.dll
0x00007ffa649c0000 - 0x00007ffa64b6e000 	C:\WINDOWS\System32\USER32.dll
0x00007ffa62cd0000 - 0x00007ffa62cf6000 	C:\WINDOWS\System32\win32u.dll
0x00007ffa641a0000 - 0x00007ffa641c9000 	C:\WINDOWS\System32\GDI32.dll
0x00007ffa0de80000 - 0x00007ffa0de9b000 	C:\Program Files\Android\Android Studio1\jbr\bin\VCRUNTIME140.dll
0x00007ffa62bb0000 - 0x00007ffa62cc9000 	C:\WINDOWS\System32\gdi32full.dll
0x00007ffa626f0000 - 0x00007ffa6278a000 	C:\WINDOWS\System32\msvcp_win.dll
0x00007ffa2f930000 - 0x00007ffa2fbc3000 	C:\WINDOWS\WinSxS\amd64_microsoft.windows.common-controls_6595b64144ccf1df_6.0.22621.3527_none_270e469b73872a76\COMCTL32.dll
0x00007ffa62fb0000 - 0x00007ffa63057000 	C:\WINDOWS\System32\msvcrt.dll
0x00007ffa63c70000 - 0x00007ffa63ca1000 	C:\WINDOWS\System32\IMM32.DLL
0x00007ffa49ec0000 - 0x00007ffa49ecc000 	C:\Program Files\Android\Android Studio1\jbr\bin\vcruntime140_1.dll
0x00007ffa09ef0000 - 0x00007ffa09f7d000 	C:\Program Files\Android\Android Studio1\jbr\bin\msvcp140.dll
0x00007ff9c8680000 - 0x00007ff9c9300000 	C:\Program Files\Android\Android Studio1\jbr\bin\server\jvm.dll
0x00007ffa64710000 - 0x00007ffa647c2000 	C:\WINDOWS\System32\ADVAPI32.dll
0x00007ffa64660000 - 0x00007ffa64708000 	C:\WINDOWS\System32\sechost.dll
0x00007ffa62640000 - 0x00007ffa62668000 	C:\WINDOWS\System32\bcrypt.dll
0x00007ffa62e90000 - 0x00007ffa62fa5000 	C:\WINDOWS\System32\RPCRT4.dll
0x00007ffa3e6e0000 - 0x00007ffa3e6e9000 	C:\WINDOWS\SYSTEM32\WSOCK32.dll
0x00007ffa64d60000 - 0x00007ffa64dd1000 	C:\WINDOWS\System32\WS2_32.dll
0x00007ffa5acd0000 - 0x00007ffa5ad04000 	C:\WINDOWS\SYSTEM32\WINMM.dll
0x00007ffa56fc0000 - 0x00007ffa56fca000 	C:\WINDOWS\SYSTEM32\VERSION.dll
0x00007ffa611e0000 - 0x00007ffa611f8000 	C:\WINDOWS\SYSTEM32\kernel.appcore.dll
0x00007ffa49b70000 - 0x00007ffa49b7a000 	C:\Program Files\Android\Android Studio1\jbr\bin\jimage.dll
0x00007ffa53b10000 - 0x00007ffa53d42000 	C:\WINDOWS\SYSTEM32\DBGHELP.DLL
0x00007ffa641d0000 - 0x00007ffa64558000 	C:\WINDOWS\System32\combase.dll
0x00007ffa64580000 - 0x00007ffa64657000 	C:\WINDOWS\System32\OLEAUT32.dll
0x00007ffa44db0000 - 0x00007ffa44de2000 	C:\WINDOWS\SYSTEM32\dbgcore.DLL
0x00007ffa62670000 - 0x00007ffa626e9000 	C:\WINDOWS\System32\bcryptPrimitives.dll
0x00007ffa30840000 - 0x00007ffa30865000 	C:\Program Files\Android\Android Studio1\jbr\bin\java.dll

dbghelp: loaded successfully - version: 4.0.5 - missing functions: none
symbol engine: initialized successfully - sym options: 0x614 - pdb path: .;C:\Program Files\Android\Android Studio1\jbr\bin;C:\WINDOWS\SYSTEM32;C:\WINDOWS\WinSxS\amd64_microsoft.windows.common-controls_6595b64144ccf1df_6.0.22621.3527_none_270e469b73872a76;C:\Program Files\Android\Android Studio1\jbr\bin\server

VM Arguments:
java_command: net.bytebuddy.agent.Attacher com.sun.tools.attach.VirtualMachine 3232 C:\Users\mauricio.munoz\.gradle\caches\modules-2\files-2.1\net.bytebuddy\byte-buddy-agent\1.11.13\8c7aaa0ef9863fa89a711bfc5d8e2e0affa0d67f\byte-buddy-agent-1.11.13.jar false 
java_class_path (initial): C:\Users\mauricio.munoz\.gradle\caches\modules-2\files-2.1\net.bytebuddy\byte-buddy-agent\1.11.13\8c7aaa0ef9863fa89a711bfc5d8e2e0affa0d67f\byte-buddy-agent-1.11.13.jar
Launcher Type: SUN_STANDARD

[Global flags]
     intx CICompilerCount                          = 4                                         {product} {ergonomic}
     uint ConcGCThreads                            = 2                                         {product} {ergonomic}
     uint G1ConcRefinementThreads                  = 8                                         {product} {ergonomic}
   size_t G1HeapRegionSize                         = 2097152                                   {product} {ergonomic}
    uintx GCDrainStackTargetSize                   = 64                                        {product} {ergonomic}
   size_t InitialHeapSize                          = 264241152                                 {product} {ergonomic}
   size_t MarkStackSize                            = 4194304                                   {product} {ergonomic}
   size_t MaxHeapSize                              = 4215275520                                {product} {ergonomic}
   size_t MinHeapDeltaBytes                        = 2097152                                   {product} {ergonomic}
   size_t MinHeapSize                              = 8388608                                   {product} {ergonomic}
    uintx NonNMethodCodeHeapSize                   = 5839372                                {pd product} {ergonomic}
    uintx NonProfiledCodeHeapSize                  = 122909434                              {pd product} {ergonomic}
    uintx ProfiledCodeHeapSize                     = 122909434                              {pd product} {ergonomic}
    uintx ReservedCodeCacheSize                    = 251658240                              {pd product} {ergonomic}
     bool SegmentedCodeCache                       = true                                      {product} {ergonomic}
   size_t SoftMaxHeapSize                          = 4215275520                             {manageable} {ergonomic}
     bool UseCompressedClassPointers               = true                           {product lp64_product} {ergonomic}
     bool UseCompressedOops                        = true                           {product lp64_product} {ergonomic}
     bool UseG1GC                                  = true                                      {product} {ergonomic}
     bool UseLargePagesIndividualAllocation        = false                                  {pd product} {ergonomic}

Logging:
Log output configuration:
 #0: stdout all=warning uptime,level,tags
 #1: stderr all=off uptime,level,tags

Environment Variables:
PATH=C:\Python312\Scripts\;C:\Python312\;C:\Program Files (x86)\Common Files\Oracle\Java\javapath;C:\Python311\Scripts\;C:\Python311\;C:\Program Files\Common Files\Oracle\Java\javapath;C:\Program Files\Eclipse Adoptium\jdk-17.0.2.8-hotspot\bin;C:\WINDOWS\system32;C:\WINDOWS;C:\WINDOWS\System32\Wbem;C:\WINDOWS\System32\WindowsPowerShell\v1.0\;C:\WINDOWS\System32\OpenSSH\;C:\Program Files\Git\cmd;C:\Users\mauricio.munoz\AppData\Local\Programs\Python\Python310;C:\Program Files\w64devkit\bin;C:\Qt\6.2.3\mingw_64\bin;C:\Users\mauricio.munoz\AppData\Local\Coursier\data\bin;C:\Program Files\Docker\Docker\resources\bin;C:\ProgramData\chocolatey\bin;C:\Program Files\Racket;C:\Program Files\Mozart\bin;C:\Program Files\OpenRPA\;C:\Program Files\Microsoft SQL Server\Client SDK\ODBC\170\Tools\Binn\;C:\Program Files (x86)\Microsoft SQL Server\160\Tools\Binn\;C:\Program Files\Microsoft SQL Server\160\Tools\Binn\;C:\Program Files\Microsoft SQL Server\160\DTS\Binn\;C:\Program Files (x86)\Microsoft SQL Server\160\DTS\Binn\;C:\Program Files\GitHub CLI\;C:\Program Files\HP\HP One Agent;C:\Program Files\PowerShell\7\;C:\Program Files\nodejs\;C:\Program Files (x86)\Yarn\bin\;C:\Users\mauricio.munoz\AppData\Local\miniconda3;C:\Users\mauricio.munoz\AppData\Local\miniconda3\Library\mingw-w64\bin;C:\Users\mauricio.munoz\AppData\Local\miniconda3\Library\usr\bin;C:\Users\mauricio.munoz\AppData\Local\miniconda3\Library\bin;C:\Users\mauricio.munoz\AppData\Local\miniconda3\Scripts;C:\Program Files\nodejs;C:\Users\mauricio.munoz\AppData\Local\Microsoft\WindowsApps;C:\Users\mauricio.munoz\AppData\Local\Programs\Microsoft VS Code\bin;C:\Users\mauricio.munoz\AppData\Local\Programs\MiKTeX\miktex\bin\x64\;C:\Users\mauricio.munoz\AppData\Local\Coursier\data\bin;C:\Users\mauricio.munoz\AppData\Local\Microsoft\WindowsApps;C:\Program Files\heroku\bin;C:\Users\mauricio.munoz\AppData\Local\Programs\Python\Python311\Scripts\;C:\Users\mauricio.munoz\AppData\Local\Programs\Python\Python311\;C:\Users\mauricio.munoz
USERNAME=mauricio.munoz
OS=Windows_NT
PROCESSOR_IDENTIFIER=Intel64 Family 6 Model 126 Stepping 5, GenuineIntel
TMP=C:\Users\MAURIC~1.MUN\AppData\Local\Temp
TEMP=C:\Users\MAURIC~1.MUN\AppData\Local\Temp


JNI global refs:
JNI global refs: 0, weak refs: 0

JNI global refs memory usage: 0, weak refs: 0

OOME stack traces (most recent first):
Classloader memory used:


---------------  S Y S T E M  ---------------

OS:
 Windows 11 , 64 bit Build 22621 (10.0.22621.3527)
OS uptime: 1 days 1:26 hours
Hyper-V role detected

CPU: total 8 (initial active 8) (4 cores per cpu, 2 threads per core) family 6 model 126 stepping 5 microcode 0xa0, cx8, cmov, fxsr, ht, mmx, 3dnowpref, sse, sse2, sse3, ssse3, sse4.1, sse4.2, popcnt, lzcnt, tsc, tscinvbit, avx, avx2, aes, erms, clmul, bmi1, bmi2, adx, avx512f, avx512dq, avx512cd, avx512bw, avx512vl, sha, fma, vzeroupper, avx512_vpopcntdq, avx512_vpclmulqdq, avx512_vaes, avx512_vnni, clflush, clflushopt, avx512_vbmi2, avx512_vbmi, hv

Memory: 4k page, system-wide physical 16072M (1126M free)
TotalPageFile size 24264M (AvailPageFile size 5M)
current process WorkingSet (physical memory assigned to process): 10M, peak: 10M
current process commit charge ("private bytes"): 15M, peak: 16M

vm_info: OpenJDK 64-Bit Server VM (17.0.7+0-b2043.56-10550314) for windows-amd64 JRE (17.0.7+0-b2043.56-10550314), built on Jul 24 2023 18:27:45 by "androidbuild" with MS VC++ 16.10 / 16.11 (VS2019)

END.
